Analysis & Synthesis report for 16BitCounter
Sun Sep 15 14:03:51 2024
Quartus Prime Version 21.1.0 Build 842 10/21/2021 SJ Lite Edition


---------------------
; Table of Contents ;
---------------------
  1. Legal Notice
  2. Analysis & Synthesis Summary
  3. Analysis & Synthesis Settings
  4. Parallel Compilation
  5. Analysis & Synthesis Source Files Read
  6. Analysis & Synthesis Resource Usage Summary
  7. Analysis & Synthesis Resource Utilization by Entity
  8. General Register Statistics
  9. Multiplexer Restructuring Statistics (Restructuring Performed)
 10. Post-Synthesis Netlist Statistics for Top Partition
 11. Elapsed Time Per Partition
 12. Analysis & Synthesis Messages



----------------
; Legal Notice ;
----------------
Copyright (C) 2021  Intel Corporation. All rights reserved.
Your use of Intel Corporation's design tools, logic functions 
and other software and tools, and any partner logic 
functions, and any output files from any of the foregoing 
(including device programming or simulation files), and any 
associated documentation or information are expressly subject 
to the terms and conditions of the Intel Program License 
Subscription Agreement, the Intel Quartus Prime License Agreement,
the Intel FPGA IP License Agreement, or other applicable license
agreement, including, without limitation, that your use is for
the sole purpose of programming logic devices manufactured by
Intel and sold by Intel or its authorized distributors.  Please
refer to the applicable agreement for further details, at
https://fpgasoftware.intel.com/eula.



+----------------------------------------------------------------------------------+
; Analysis & Synthesis Summary                                                     ;
+------------------------------------+---------------------------------------------+
; Analysis & Synthesis Status        ; Successful - Sun Sep 15 14:03:51 2024       ;
; Quartus Prime Version              ; 21.1.0 Build 842 10/21/2021 SJ Lite Edition ;
; Revision Name                      ; 16BitCounter                                ;
; Top-level Entity Name              ; o16BitCounter                               ;
; Family                             ; Cyclone IV E                                ;
; Total logic elements               ; 45                                          ;
;     Total combinational functions  ; 45                                          ;
;     Dedicated logic registers      ; 16                                          ;
; Total registers                    ; 16                                          ;
; Total pins                         ; 47                                          ;
; Total virtual pins                 ; 0                                           ;
; Total memory bits                  ; 0                                           ;
; Embedded Multiplier 9-bit elements ; 0                                           ;
; Total PLLs                         ; 0                                           ;
+------------------------------------+---------------------------------------------+


+------------------------------------------------------------------------------------------------------------+
; Analysis & Synthesis Settings                                                                              ;
+------------------------------------------------------------------+--------------------+--------------------+
; Option                                                           ; Setting            ; Default Value      ;
+------------------------------------------------------------------+--------------------+--------------------+
; Device                                                           ; EP4CE115F29C7      ;                    ;
; Top-level entity name                                            ; o16BitCounter      ; 16BitCounter       ;
; Family name                                                      ; Cyclone IV E       ; Cyclone V          ;
; Use smart compilation                                            ; Off                ; Off                ;
; Enable parallel Assembler and Timing Analyzer during compilation ; On                 ; On                 ;
; Enable compact report table                                      ; Off                ; Off                ;
; Restructure Multiplexers                                         ; Auto               ; Auto               ;
; Create Debugging Nodes for IP Cores                              ; Off                ; Off                ;
; Preserve fewer node names                                        ; On                 ; On                 ;
; Intel FPGA IP Evaluation Mode                                    ; Enable             ; Enable             ;
; Verilog Version                                                  ; Verilog_2001       ; Verilog_2001       ;
; VHDL Version                                                     ; VHDL_1993          ; VHDL_1993          ;
; State Machine Processing                                         ; Auto               ; Auto               ;
; Safe State Machine                                               ; Off                ; Off                ;
; Extract Verilog State Machines                                   ; On                 ; On                 ;
; Extract VHDL State Machines                                      ; On                 ; On                 ;
; Ignore Verilog initial constructs                                ; Off                ; Off                ;
; Iteration limit for constant Verilog loops                       ; 5000               ; 5000               ;
; Iteration limit for non-constant Verilog loops                   ; 250                ; 250                ;
; Add Pass-Through Logic to Inferred RAMs                          ; On                 ; On                 ;
; Infer RAMs from Raw Logic                                        ; On                 ; On                 ;
; Parallel Synthesis                                               ; On                 ; On                 ;
; DSP Block Balancing                                              ; Auto               ; Auto               ;
; NOT Gate Push-Back                                               ; On                 ; On                 ;
; Power-Up Don't Care                                              ; On                 ; On                 ;
; Remove Redundant Logic Cells                                     ; Off                ; Off                ;
; Remove Duplicate Registers                                       ; On                 ; On                 ;
; Ignore CARRY Buffers                                             ; Off                ; Off                ;
; Ignore CASCADE Buffers                                           ; Off                ; Off                ;
; Ignore GLOBAL Buffers                                            ; Off                ; Off                ;
; Ignore ROW GLOBAL Buffers                                        ; Off                ; Off                ;
; Ignore LCELL Buffers                                             ; Off                ; Off                ;
; Ignore SOFT Buffers                                              ; On                 ; On                 ;
; Limit AHDL Integers to 32 Bits                                   ; Off                ; Off                ;
; Optimization Technique                                           ; Balanced           ; Balanced           ;
; Carry Chain Length                                               ; 70                 ; 70                 ;
; Auto Carry Chains                                                ; On                 ; On                 ;
; Auto Open-Drain Pins                                             ; On                 ; On                 ;
; Perform WYSIWYG Primitive Resynthesis                            ; Off                ; Off                ;
; Auto ROM Replacement                                             ; On                 ; On                 ;
; Auto RAM Replacement                                             ; On                 ; On                 ;
; Auto DSP Block Replacement                                       ; On                 ; On                 ;
; Auto Shift Register Replacement                                  ; Auto               ; Auto               ;
; Allow Shift Register Merging across Hierarchies                  ; Auto               ; Auto               ;
; Auto Clock Enable Replacement                                    ; On                 ; On                 ;
; Strict RAM Replacement                                           ; Off                ; Off                ;
; Allow Synchronous Control Signals                                ; On                 ; On                 ;
; Force Use of Synchronous Clear Signals                           ; Off                ; Off                ;
; Auto RAM Block Balancing                                         ; On                 ; On                 ;
; Auto RAM to Logic Cell Conversion                                ; Off                ; Off                ;
; Auto Resource Sharing                                            ; Off                ; Off                ;
; Allow Any RAM Size For Recognition                               ; Off                ; Off                ;
; Allow Any ROM Size For Recognition                               ; Off                ; Off                ;
; Allow Any Shift Register Size For Recognition                    ; Off                ; Off                ;
; Use LogicLock Constraints during Resource Balancing              ; On                 ; On                 ;
; Ignore translate_off and synthesis_off directives                ; Off                ; Off                ;
; Timing-Driven Synthesis                                          ; On                 ; On                 ;
; Report Parameter Settings                                        ; On                 ; On                 ;
; Report Source Assignments                                        ; On                 ; On                 ;
; Report Connectivity Checks                                       ; On                 ; On                 ;
; Ignore Maximum Fan-Out Assignments                               ; Off                ; Off                ;
; Synchronization Register Chain Length                            ; 2                  ; 2                  ;
; Power Optimization During Synthesis                              ; Normal compilation ; Normal compilation ;
; HDL message level                                                ; Level2             ; Level2             ;
; Suppress Register Optimization Related Messages                  ; Off                ; Off                ;
; Number of Removed Registers Reported in Synthesis Report         ; 5000               ; 5000               ;
; Number of Swept Nodes Reported in Synthesis Report               ; 5000               ; 5000               ;
; Number of Inverted Registers Reported in Synthesis Report        ; 100                ; 100                ;
; Clock MUX Protection                                             ; On                 ; On                 ;
; Auto Gated Clock Conversion                                      ; Off                ; Off                ;
; Block Design Naming                                              ; Auto               ; Auto               ;
; SDC constraint protection                                        ; Off                ; Off                ;
; Synthesis Effort                                                 ; Auto               ; Auto               ;
; Shift Register Replacement - Allow Asynchronous Clear Signal     ; On                 ; On                 ;
; Pre-Mapping Resynthesis Optimization                             ; Off                ; Off                ;
; Analysis & Synthesis Message Level                               ; Medium             ; Medium             ;
; Disable Register Merging Across Hierarchies                      ; Auto               ; Auto               ;
; Resource Aware Inference For Block RAM                           ; On                 ; On                 ;
+------------------------------------------------------------------+--------------------+--------------------+


+------------------------------------------+
; Parallel Compilation                     ;
+----------------------------+-------------+
; Processors                 ; Number      ;
+----------------------------+-------------+
; Number detected on machine ; 4           ;
; Maximum allowed            ; 4           ;
;                            ;             ;
; Average used               ; 1.00        ;
; Maximum used               ; 4           ;
;                            ;             ;
; Usage by Processor         ; % Time Used ;
;     Processor 1            ; 100.0%      ;
;     Processors 2-4         ;   0.0%      ;
+----------------------------+-------------+


+------------------------------------------------------------------------------------------------------------------------------------------------------------------------------------------------+
; Analysis & Synthesis Source Files Read                                                                                                                                                         ;
+----------------------------------+-----------------+------------------------------------+--------------------------------------------------------------------------------------------+---------+
; File Name with User-Entered Path ; Used in Netlist ; File Type                          ; File Name with Absolute Path                                                               ; Library ;
+----------------------------------+-----------------+------------------------------------+--------------------------------------------------------------------------------------------+---------+
; aula4.bdf                        ; yes             ; User Block Diagram/Schematic File  ; C:/Users/15577631/Downloads/8BitCounter-20240914T174443Z-001/16BitCounter/aula4.bdf        ;         ;
; 16BitCounter.vhd                 ; yes             ; User VHDL File                     ; C:/Users/15577631/Downloads/8BitCounter-20240914T174443Z-001/16BitCounter/16BitCounter.vhd ;         ;
+----------------------------------+-----------------+------------------------------------+--------------------------------------------------------------------------------------------+---------+


+-----------------------------------------------------------+
; Analysis & Synthesis Resource Usage Summary               ;
+---------------------------------------------+-------------+
; Resource                                    ; Usage       ;
+---------------------------------------------+-------------+
; Estimated Total logic elements              ; 45          ;
;                                             ;             ;
; Total combinational functions               ; 45          ;
; Logic element usage by number of LUT inputs ;             ;
;     -- 4 input functions                    ; 28          ;
;     -- 3 input functions                    ; 0           ;
;     -- <=2 input functions                  ; 17          ;
;                                             ;             ;
; Logic elements by mode                      ;             ;
;     -- normal mode                          ; 30          ;
;     -- arithmetic mode                      ; 15          ;
;                                             ;             ;
; Total registers                             ; 16          ;
;     -- Dedicated logic registers            ; 16          ;
;     -- I/O registers                        ; 0           ;
;                                             ;             ;
; I/O pins                                    ; 47          ;
;                                             ;             ;
; Embedded Multiplier 9-bit elements          ; 0           ;
;                                             ;             ;
; Maximum fan-out node                        ; Clear~input ;
; Maximum fan-out                             ; 17          ;
; Total fan-out                               ; 316         ;
; Average fan-out                             ; 1.85        ;
+---------------------------------------------+-------------+


+----------------------------------------------------------------------------------------------------------------------------------------------------------------------------------------------------------------------+
; Analysis & Synthesis Resource Utilization by Entity                                                                                                                                                                  ;
+----------------------------+---------------------+---------------------------+-------------+--------------+---------+-----------+------+--------------+-------------------------------+---------------+--------------+
; Compilation Hierarchy Node ; Combinational ALUTs ; Dedicated Logic Registers ; Memory Bits ; DSP Elements ; DSP 9x9 ; DSP 18x18 ; Pins ; Virtual Pins ; Full Hierarchy Name           ; Entity Name   ; Library Name ;
+----------------------------+---------------------+---------------------------+-------------+--------------+---------+-----------+------+--------------+-------------------------------+---------------+--------------+
; |o16BitCounter             ; 45 (17)             ; 16 (16)                   ; 0           ; 0            ; 0       ; 0         ; 47   ; 0            ; |o16BitCounter                ; o16BitCounter ; work         ;
;    |aula4:display0|        ; 7 (7)               ; 0 (0)                     ; 0           ; 0            ; 0       ; 0         ; 0    ; 0            ; |o16BitCounter|aula4:display0 ; aula4         ; work         ;
;    |aula4:display1|        ; 7 (7)               ; 0 (0)                     ; 0           ; 0            ; 0       ; 0         ; 0    ; 0            ; |o16BitCounter|aula4:display1 ; aula4         ; work         ;
;    |aula4:display2|        ; 7 (7)               ; 0 (0)                     ; 0           ; 0            ; 0       ; 0         ; 0    ; 0            ; |o16BitCounter|aula4:display2 ; aula4         ; work         ;
;    |aula4:display3|        ; 7 (7)               ; 0 (0)                     ; 0           ; 0            ; 0       ; 0         ; 0    ; 0            ; |o16BitCounter|aula4:display3 ; aula4         ; work         ;
+----------------------------+---------------------+---------------------------+-------------+--------------+---------+-----------+------+--------------+-------------------------------+---------------+--------------+
Note: For table entries with two numbers listed, the numbers in parentheses indicate the number of resources of the given type used by the specific entity alone. The numbers listed outside of parentheses indicate the total resources of the given type used by the specific entity and all of its sub-entities in the hierarchy.


+------------------------------------------------------+
; General Register Statistics                          ;
+----------------------------------------------+-------+
; Statistic                                    ; Value ;
+----------------------------------------------+-------+
; Total registers                              ; 16    ;
; Number of registers using Synchronous Clear  ; 16    ;
; Number of registers using Synchronous Load   ; 0     ;
; Number of registers using Asynchronous Clear ; 0     ;
; Number of registers using Asynchronous Load  ; 0     ;
; Number of registers using Clock Enable       ; 16    ;
; Number of registers using Preset             ; 0     ;
+----------------------------------------------+-------+


+------------------------------------------------------------------------------------------------------------------------------------------+
; Multiplexer Restructuring Statistics (Restructuring Performed)                                                                           ;
+--------------------+-----------+---------------+----------------------+------------------------+------------+----------------------------+
; Multiplexer Inputs ; Bus Width ; Baseline Area ; Area if Restructured ; Saving if Restructured ; Registered ; Example Multiplexer Output ;
+--------------------+-----------+---------------+----------------------+------------------------+------------+----------------------------+
; 3:1                ; 16 bits   ; 32 LEs        ; 16 LEs               ; 16 LEs                 ; Yes        ; |o16BitCounter|Q[0]        ;
+--------------------+-----------+---------------+----------------------+------------------------+------------+----------------------------+


+-----------------------------------------------------+
; Post-Synthesis Netlist Statistics for Top Partition ;
+-----------------------+-----------------------------+
; Type                  ; Count                       ;
+-----------------------+-----------------------------+
; boundary_port         ; 47                          ;
; cycloneiii_ff         ; 16                          ;
;     ENA SCLR          ; 16                          ;
; cycloneiii_io_obuf    ; 16                          ;
; cycloneiii_lcell_comb ; 49                          ;
;     arith             ; 15                          ;
;         2 data inputs ; 15                          ;
;     normal            ; 34                          ;
;         1 data inputs ; 5                           ;
;         2 data inputs ; 1                           ;
;         4 data inputs ; 28                          ;
;                       ;                             ;
; Max LUT depth         ; 2.50                        ;
; Average LUT depth     ; 1.43                        ;
+-----------------------+-----------------------------+


+-------------------------------+
; Elapsed Time Per Partition    ;
+----------------+--------------+
; Partition Name ; Elapsed Time ;
+----------------+--------------+
; Top            ; 00:00:00     ;
+----------------+--------------+


+-------------------------------+
; Analysis & Synthesis Messages ;
+-------------------------------+
Info: *******************************************************************
Info: Running Quartus Prime Analysis & Synthesis
    Info: Version 21.1.0 Build 842 10/21/2021 SJ Lite Edition
    Info: Processing started: Sun Sep 15 14:03:42 2024
Info: Command: quartus_map --read_settings_files=on --write_settings_files=off 16BitCounter -c 16BitCounter
Warning (18236): Number of processors has not been specified which may cause overloading on shared machines.  Set the global assignment NUM_PARALLEL_PROCESSORS in your QSF to an appropriate value for best performance.
Info (20030): Parallel compilation is enabled and will use 4 of the 4 processors detected
Info (12021): Found 1 design units, including 1 entities, in source file block3.bdf
    Info (12023): Found entity 1: Block3
Info (12021): Found 1 design units, including 1 entities, in source file aula4.bdf
    Info (12023): Found entity 1: aula4
Info (12021): Found 2 design units, including 1 entities, in source file 16bitcounter.vhd
    Info (12022): Found design unit 1: o16BitCounter-contador File: C:/Users/15577631/Downloads/8BitCounter-20240914T174443Z-001/16BitCounter/16BitCounter.vhd Line: 19
    Info (12023): Found entity 1: o16BitCounter File: C:/Users/15577631/Downloads/8BitCounter-20240914T174443Z-001/16BitCounter/16BitCounter.vhd Line: 8
Info (12127): Elaborating entity "o16BitCounter" for the top level hierarchy
Warning (10492): VHDL Process Statement warning at 16BitCounter.vhd(47): signal "Q" is read inside the Process Statement but isn't in the Process Statement's sensitivity list File: C:/Users/15577631/Downloads/8BitCounter-20240914T174443Z-001/16BitCounter/16BitCounter.vhd Line: 47
Info (12128): Elaborating entity "aula4" for hierarchy "aula4:display0" File: C:/Users/15577631/Downloads/8BitCounter-20240914T174443Z-001/16BitCounter/16BitCounter.vhd Line: 50
Warning (13034): The following nodes have both tri-state and non-tri-state drivers
    Warning (13035): Inserted always-enabled tri-state buffer between "bin[0]" and its non-tri-state driver. File: C:/Users/15577631/Downloads/8BitCounter-20240914T174443Z-001/16BitCounter/16BitCounter.vhd Line: 13
    Warning (13035): Inserted always-enabled tri-state buffer between "bin[1]" and its non-tri-state driver. File: C:/Users/15577631/Downloads/8BitCounter-20240914T174443Z-001/16BitCounter/16BitCounter.vhd Line: 13
    Warning (13035): Inserted always-enabled tri-state buffer between "bin[2]" and its non-tri-state driver. File: C:/Users/15577631/Downloads/8BitCounter-20240914T174443Z-001/16BitCounter/16BitCounter.vhd Line: 13
    Warning (13035): Inserted always-enabled tri-state buffer between "bin[3]" and its non-tri-state driver. File: C:/Users/15577631/Downloads/8BitCounter-20240914T174443Z-001/16BitCounter/16BitCounter.vhd Line: 13
    Warning (13035): Inserted always-enabled tri-state buffer between "bin[4]" and its non-tri-state driver. File: C:/Users/15577631/Downloads/8BitCounter-20240914T174443Z-001/16BitCounter/16BitCounter.vhd Line: 13
    Warning (13035): Inserted always-enabled tri-state buffer between "bin[5]" and its non-tri-state driver. File: C:/Users/15577631/Downloads/8BitCounter-20240914T174443Z-001/16BitCounter/16BitCounter.vhd Line: 13
    Warning (13035): Inserted always-enabled tri-state buffer between "bin[6]" and its non-tri-state driver. File: C:/Users/15577631/Downloads/8BitCounter-20240914T174443Z-001/16BitCounter/16BitCounter.vhd Line: 13
    Warning (13035): Inserted always-enabled tri-state buffer between "bin[7]" and its non-tri-state driver. File: C:/Users/15577631/Downloads/8BitCounter-20240914T174443Z-001/16BitCounter/16BitCounter.vhd Line: 13
    Warning (13035): Inserted always-enabled tri-state buffer between "bin[8]" and its non-tri-state driver. File: C:/Users/15577631/Downloads/8BitCounter-20240914T174443Z-001/16BitCounter/16BitCounter.vhd Line: 13
    Warning (13035): Inserted always-enabled tri-state buffer between "bin[9]" and its non-tri-state driver. File: C:/Users/15577631/Downloads/8BitCounter-20240914T174443Z-001/16BitCounter/16BitCounter.vhd Line: 13
    Warning (13035): Inserted always-enabled tri-state buffer between "bin[10]" and its non-tri-state driver. File: C:/Users/15577631/Downloads/8BitCounter-20240914T174443Z-001/16BitCounter/16BitCounter.vhd Line: 13
    Warning (13035): Inserted always-enabled tri-state buffer between "bin[11]" and its non-tri-state driver. File: C:/Users/15577631/Downloads/8BitCounter-20240914T174443Z-001/16BitCounter/16BitCounter.vhd Line: 13
    Warning (13035): Inserted always-enabled tri-state buffer between "bin[12]" and its non-tri-state driver. File: C:/Users/15577631/Downloads/8BitCounter-20240914T174443Z-001/16BitCounter/16BitCounter.vhd Line: 13
    Warning (13035): Inserted always-enabled tri-state buffer between "bin[13]" and its non-tri-state driver. File: C:/Users/15577631/Downloads/8BitCounter-20240914T174443Z-001/16BitCounter/16BitCounter.vhd Line: 13
    Warning (13035): Inserted always-enabled tri-state buffer between "bin[14]" and its non-tri-state driver. File: C:/Users/15577631/Downloads/8BitCounter-20240914T174443Z-001/16BitCounter/16BitCounter.vhd Line: 13
    Warning (13035): Inserted always-enabled tri-state buffer between "bin[15]" and its non-tri-state driver. File: C:/Users/15577631/Downloads/8BitCounter-20240914T174443Z-001/16BitCounter/16BitCounter.vhd Line: 13
Info (13060): One or more bidirectional pins are fed by always enabled tri-state buffers
    Info (13061): Fan-out of permanently enabled tri-state buffer feeding bidirectional pin "bin[0]" is moved to its source File: C:/Users/15577631/Downloads/8BitCounter-20240914T174443Z-001/16BitCounter/16BitCounter.vhd Line: 13
    Info (13061): Fan-out of permanently enabled tri-state buffer feeding bidirectional pin "bin[1]" is moved to its source File: C:/Users/15577631/Downloads/8BitCounter-20240914T174443Z-001/16BitCounter/16BitCounter.vhd Line: 13
    Info (13061): Fan-out of permanently enabled tri-state buffer feeding bidirectional pin "bin[2]" is moved to its source File: C:/Users/15577631/Downloads/8BitCounter-20240914T174443Z-001/16BitCounter/16BitCounter.vhd Line: 13
    Info (13061): Fan-out of permanently enabled tri-state buffer feeding bidirectional pin "bin[3]" is moved to its source File: C:/Users/15577631/Downloads/8BitCounter-20240914T174443Z-001/16BitCounter/16BitCounter.vhd Line: 13
    Info (13061): Fan-out of permanently enabled tri-state buffer feeding bidirectional pin "bin[4]" is moved to its source File: C:/Users/15577631/Downloads/8BitCounter-20240914T174443Z-001/16BitCounter/16BitCounter.vhd Line: 13
    Info (13061): Fan-out of permanently enabled tri-state buffer feeding bidirectional pin "bin[5]" is moved to its source File: C:/Users/15577631/Downloads/8BitCounter-20240914T174443Z-001/16BitCounter/16BitCounter.vhd Line: 13
    Info (13061): Fan-out of permanently enabled tri-state buffer feeding bidirectional pin "bin[6]" is moved to its source File: C:/Users/15577631/Downloads/8BitCounter-20240914T174443Z-001/16BitCounter/16BitCounter.vhd Line: 13
    Info (13061): Fan-out of permanently enabled tri-state buffer feeding bidirectional pin "bin[7]" is moved to its source File: C:/Users/15577631/Downloads/8BitCounter-20240914T174443Z-001/16BitCounter/16BitCounter.vhd Line: 13
    Info (13061): Fan-out of permanently enabled tri-state buffer feeding bidirectional pin "bin[8]" is moved to its source File: C:/Users/15577631/Downloads/8BitCounter-20240914T174443Z-001/16BitCounter/16BitCounter.vhd Line: 13
    Info (13061): Fan-out of permanently enabled tri-state buffer feeding bidirectional pin "bin[9]" is moved to its source File: C:/Users/15577631/Downloads/8BitCounter-20240914T174443Z-001/16BitCounter/16BitCounter.vhd Line: 13
    Info (13061): Fan-out of permanently enabled tri-state buffer feeding bidirectional pin "bin[10]" is moved to its source File: C:/Users/15577631/Downloads/8BitCounter-20240914T174443Z-001/16BitCounter/16BitCounter.vhd Line: 13
    Info (13061): Fan-out of permanently enabled tri-state buffer feeding bidirectional pin "bin[11]" is moved to its source File: C:/Users/15577631/Downloads/8BitCounter-20240914T174443Z-001/16BitCounter/16BitCounter.vhd Line: 13
    Info (13061): Fan-out of permanently enabled tri-state buffer feeding bidirectional pin "bin[12]" is moved to its source File: C:/Users/15577631/Downloads/8BitCounter-20240914T174443Z-001/16BitCounter/16BitCounter.vhd Line: 13
    Info (13061): Fan-out of permanently enabled tri-state buffer feeding bidirectional pin "bin[13]" is moved to its source File: C:/Users/15577631/Downloads/8BitCounter-20240914T174443Z-001/16BitCounter/16BitCounter.vhd Line: 13
    Info (13061): Fan-out of permanently enabled tri-state buffer feeding bidirectional pin "bin[14]" is moved to its source File: C:/Users/15577631/Downloads/8BitCounter-20240914T174443Z-001/16BitCounter/16BitCounter.vhd Line: 13
    Info (13061): Fan-out of permanently enabled tri-state buffer feeding bidirectional pin "bin[15]" is moved to its source File: C:/Users/15577631/Downloads/8BitCounter-20240914T174443Z-001/16BitCounter/16BitCounter.vhd Line: 13
Warning (13009): TRI or OPNDRN buffers permanently enabled
    Warning (13010): Node "bin[0]~synth" File: C:/Users/15577631/Downloads/8BitCounter-20240914T174443Z-001/16BitCounter/16BitCounter.vhd Line: 13
    Warning (13010): Node "bin[1]~synth" File: C:/Users/15577631/Downloads/8BitCounter-20240914T174443Z-001/16BitCounter/16BitCounter.vhd Line: 13
    Warning (13010): Node "bin[2]~synth" File: C:/Users/15577631/Downloads/8BitCounter-20240914T174443Z-001/16BitCounter/16BitCounter.vhd Line: 13
    Warning (13010): Node "bin[3]~synth" File: C:/Users/15577631/Downloads/8BitCounter-20240914T174443Z-001/16BitCounter/16BitCounter.vhd Line: 13
    Warning (13010): Node "bin[4]~synth" File: C:/Users/15577631/Downloads/8BitCounter-20240914T174443Z-001/16BitCounter/16BitCounter.vhd Line: 13
    Warning (13010): Node "bin[5]~synth" File: C:/Users/15577631/Downloads/8BitCounter-20240914T174443Z-001/16BitCounter/16BitCounter.vhd Line: 13
    Warning (13010): Node "bin[6]~synth" File: C:/Users/15577631/Downloads/8BitCounter-20240914T174443Z-001/16BitCounter/16BitCounter.vhd Line: 13
    Warning (13010): Node "bin[7]~synth" File: C:/Users/15577631/Downloads/8BitCounter-20240914T174443Z-001/16BitCounter/16BitCounter.vhd Line: 13
    Warning (13010): Node "bin[8]~synth" File: C:/Users/15577631/Downloads/8BitCounter-20240914T174443Z-001/16BitCounter/16BitCounter.vhd Line: 13
    Warning (13010): Node "bin[9]~synth" File: C:/Users/15577631/Downloads/8BitCounter-20240914T174443Z-001/16BitCounter/16BitCounter.vhd Line: 13
    Warning (13010): Node "bin[10]~synth" File: C:/Users/15577631/Downloads/8BitCounter-20240914T174443Z-001/16BitCounter/16BitCounter.vhd Line: 13
    Warning (13010): Node "bin[11]~synth" File: C:/Users/15577631/Downloads/8BitCounter-20240914T174443Z-001/16BitCounter/16BitCounter.vhd Line: 13
    Warning (13010): Node "bin[12]~synth" File: C:/Users/15577631/Downloads/8BitCounter-20240914T174443Z-001/16BitCounter/16BitCounter.vhd Line: 13
    Warning (13010): Node "bin[13]~synth" File: C:/Users/15577631/Downloads/8BitCounter-20240914T174443Z-001/16BitCounter/16BitCounter.vhd Line: 13
    Warning (13010): Node "bin[14]~synth" File: C:/Users/15577631/Downloads/8BitCounter-20240914T174443Z-001/16BitCounter/16BitCounter.vhd Line: 13
    Warning (13010): Node "bin[15]~synth" File: C:/Users/15577631/Downloads/8BitCounter-20240914T174443Z-001/16BitCounter/16BitCounter.vhd Line: 13
Info (286030): Timing-Driven Synthesis is running
Info (16010): Generating hard_block partition "hard_block:auto_generated_inst"
    Info (16011): Adding 0 node(s), including 0 DDIO, 0 PLL, 0 transceiver and 0 LCELL
Info (21057): Implemented 92 device resources after synthesis - the final resource count might be different
    Info (21058): Implemented 3 input pins
    Info (21059): Implemented 28 output pins
    Info (21060): Implemented 16 bidirectional pins
    Info (21061): Implemented 45 logic cells
Info: Quartus Prime Analysis & Synthesis was successful. 0 errors, 36 warnings
    Info: Peak virtual memory: 4827 megabytes
    Info: Processing ended: Sun Sep 15 14:03:51 2024
    Info: Elapsed time: 00:00:09
    Info: Total CPU time (on all processors): 00:00:19


